<?xml version="1.0" encoding="UTF-8"?>
<!-- Generated by org.testng.reporters.JUnitXMLReporter -->
<testsuite ignored="2" hostname="LAPTOP-7D4JOF4H" failures="0" tests="1" name="Default test" time="10.897" errors="0" timestamp="2024-04-28T09:29:30 IST">
  <testcase classname="test.UserManagementPageTest" name="verifySalesManagementOption" time="3.321"/>
  <testcase classname="test.UserManagementPageTest" name="verifyRolesManagementOption" time="0.0">
    <ignored/>
  </testcase> <!-- verifyRolesManagementOption -->
  <testcase classname="test.UserManagementPageTest" name="verifyUsersManagementOption" time="0.0">
    <ignored/>
  </testcase> <!-- verifyUsersManagementOption -->
</testsuite> <!-- Default test -->
