<?xml version="1.0" encoding="UTF-8"?>
<!-- Generated by org.testng.reporters.JUnitXMLReporter -->
<testsuite ignored="2" hostname="LAPTOP-7D4JOF4H" failures="0" tests="1" name="Default test" time="23.252" errors="0" timestamp="2024-04-21T09:59:43 IST">
  <testcase classname="test.LoginPageTest" name="verifyUserLoginWithValidCredentials" time="5.141"/>
  <testcase classname="test.LoginPageTest" name="verifyErrorMessageWhileLoginWithInvalidCredentials" time="0.0">
    <ignored/>
  </testcase> <!-- verifyErrorMessageWhileLoginWithInvalidCredentials -->
  <testcase classname="test.LoginPageTest" name="verifyLoginPageTitle" time="0.0">
    <ignored/>
  </testcase> <!-- verifyLoginPageTitle -->
</testsuite> <!-- Default test -->
