<?xml version="1.0" encoding="UTF-8"?>
<testng-results ignored="0" total="2" passed="2" failed="0" skipped="0">
  <reporter-output>
  </reporter-output>
  <suite started-at="2024-04-29T12:55:05 IST" name="Functional Suite" finished-at="2024-04-29T12:56:05 IST" duration-ms="59076">
    <groups>
      <group name="Sanity">
        <method signature="HomePageTest.verifyUserLoginDate()[pri:7, instance:test.HomePageTest@71809907]" name="verifyUserLoginDate" class="test.HomePageTest"/>
      </group> <!-- Sanity -->
      <group name="Regression">
        <method signature="HomePageTest.verifyUserLoginDate()[pri:7, instance:test.HomePageTest@71809907]" name="verifyUserLoginDate" class="test.HomePageTest"/>
      </group> <!-- Regression -->
      <group name="Smoke">
        <method signature="HomePageTest.verifyHomePageTitle()[pri:6, instance:test.HomePageTest@71809907]" name="verifyHomePageTitle" class="test.HomePageTest"/>
      </group> <!-- Smoke -->
    </groups>
    <test started-at="2024-04-29T12:55:05 IST" name="Test" finished-at="2024-04-29T12:56:05 IST" duration-ms="59076">
      <class name="test.HomePageTest">
        <test-method is-config="true" signature="setUp(java.lang.String,java.lang.String)[pri:0, instance:test.HomePageTest@71809907]" started-at="2024-04-29T12:55:06 IST" name="setUp" finished-at="2024-04-29T12:55:32 IST" duration-ms="26933" status="PASS">
          <params>
            <param index="0">
              <value>
                <![CDATA[Chrome]]>
              </value>
            </param>
            <param index="1">
              <value>
                <![CDATA[https://qalegend.com/billing/public/login]]>
              </value>
            </param>
          </params>
          <reporter-output>
          </reporter-output>
        </test-method> <!-- setUp -->
        <test-method signature="verifyHomePageTitle()[pri:6, instance:test.HomePageTest@71809907]" started-at="2024-04-29T12:55:32 IST" name="verifyHomePageTitle" finished-at="2024-04-29T12:55:43 IST" duration-ms="10826" status="PASS">
          <reporter-output>
          </reporter-output>
        </test-method> <!-- verifyHomePageTitle -->
        <test-method is-config="true" signature="closeBrowser(org.testng.ITestResult)[pri:0, instance:test.HomePageTest@71809907]" started-at="2024-04-29T12:55:43 IST" name="closeBrowser" finished-at="2024-04-29T12:55:44 IST" duration-ms="271" status="PASS">
          <params>
            <param index="0">
              <value>
                <![CDATA[[TestResult name=verifyHomePageTitle status=SUCCESS method=HomePageTest.verifyHomePageTitle()[pri:6, instance:test.HomePageTest@71809907] output={null}]]]>
              </value>
            </param>
          </params>
          <reporter-output>
          </reporter-output>
        </test-method> <!-- closeBrowser -->
        <test-method is-config="true" signature="setUp(java.lang.String,java.lang.String)[pri:0, instance:test.HomePageTest@71809907]" started-at="2024-04-29T12:55:44 IST" name="setUp" finished-at="2024-04-29T12:56:00 IST" duration-ms="16878" status="PASS">
          <params>
            <param index="0">
              <value>
                <![CDATA[Chrome]]>
              </value>
            </param>
            <param index="1">
              <value>
                <![CDATA[https://qalegend.com/billing/public/login]]>
              </value>
            </param>
          </params>
          <reporter-output>
          </reporter-output>
        </test-method> <!-- setUp -->
        <test-method signature="verifyUserLoginDate()[pri:7, instance:test.HomePageTest@71809907]" started-at="2024-04-29T12:56:00 IST" name="verifyUserLoginDate" finished-at="2024-04-29T12:56:04 IST" duration-ms="3663" status="PASS">
          <reporter-output>
          </reporter-output>
        </test-method> <!-- verifyUserLoginDate -->
        <test-method is-config="true" signature="closeBrowser(org.testng.ITestResult)[pri:0, instance:test.HomePageTest@71809907]" started-at="2024-04-29T12:56:04 IST" name="closeBrowser" finished-at="2024-04-29T12:56:05 IST" duration-ms="448" status="PASS">
          <params>
            <param index="0">
              <value>
                <![CDATA[[TestResult name=verifyUserLoginDate status=SUCCESS method=HomePageTest.verifyUserLoginDate()[pri:7, instance:test.HomePageTest@71809907] output={null}]]]>
              </value>
            </param>
          </params>
          <reporter-output>
          </reporter-output>
        </test-method> <!-- closeBrowser -->
      </class> <!-- test.HomePageTest -->
    </test> <!-- Test -->
  </suite> <!-- Functional Suite -->
</testng-results>
