<?xml version="1.0" encoding="UTF-8"?>
<!-- Generated by org.testng.reporters.JUnitXMLReporter -->
<testsuite ignored="0" hostname="LAPTOP-7D4JOF4H" failures="0" tests="5" name="Chrome Test" time="51.015" errors="0" timestamp="2024-04-28T11:35:37 IST">
  <testcase classname="test.LoginPageTest" name="verifyLoginPageTitle" time="0.485"/>
  <testcase classname="test.LoginPageTest" name="verifyUserLoginWithValidCredentials" time="4.253"/>
  <testcase classname="test.LoginPageTest" name="verifyErrorMessageWhileLoginWithInvalidCredentials" time="0.841"/>
  <testcase classname="test.LoginPageTest" name="verifyErrorMessageWhileLoginWithInvalidCredentials" time="0.906"/>
  <testcase classname="test.LoginPageTest" name="verifyErrorMessageWhileLoginWithInvalidCredentials" time="0.819"/>
</testsuite> <!-- Chrome Test -->
