<?xml version="1.0" encoding="UTF-8"?>
<!-- Generated by org.testng.reporters.JUnitXMLReporter -->
<testsuite ignored="0" hostname="LAPTOP-7D4JOF4H" failures="0" tests="3" name="Firefox Test" time="112.171" errors="0" timestamp="2024-04-28T11:37:29 IST">
  <testcase classname="test.UserManagementPageTest" name="verifyUsersManagementOption" time="9.247"/>
  <testcase classname="test.UserManagementPageTest" name="verifyRolesManagementOption" time="3.745"/>
  <testcase classname="test.UserManagementPageTest" name="verifySalesManagementOption" time="5.676"/>
</testsuite> <!-- Firefox Test -->
