<?xml version="1.0" encoding="UTF-8"?>
<!-- Generated by org.testng.reporters.JUnitXMLReporter -->
<testsuite ignored="0" hostname="LAPTOP-7D4JOF4H" failures="0" tests="10" name="Functional Test" time="132.343" errors="0" timestamp="2024-04-28T11:30:47 IST">
  <testcase classname="test.LoginPageTest" name="verifyLoginPageTitle" time="3.745"/>
  <testcase classname="test.LoginPageTest" name="verifyUserLoginWithValidCredentials" time="4.527"/>
  <testcase classname="test.LoginPageTest" name="verifyErrorMessageWhileLoginWithInvalidCredentials" time="1.66"/>
  <testcase classname="test.LoginPageTest" name="verifyErrorMessageWhileLoginWithInvalidCredentials" time="1.166"/>
  <testcase classname="test.LoginPageTest" name="verifyErrorMessageWhileLoginWithInvalidCredentials" time="0.756"/>
  <testcase classname="test.HomePageTest" name="verifyHomePageTitle" time="2.4"/>
  <testcase classname="test.HomePageTest" name="verifyUserLoginDate" time="2.964"/>
  <testcase classname="test.UserManagementPageTest" name="verifyUsersManagementOption" time="3.232"/>
  <testcase classname="test.UserManagementPageTest" name="verifyRolesManagementOption" time="3.513"/>
  <testcase classname="test.UserManagementPageTest" name="verifySalesManagementOption" time="3.578"/>
</testsuite> <!-- Functional Test -->
