<?xml version="1.0" encoding="UTF-8"?>
<!-- Generated by org.testng.reporters.JUnitXMLReporter -->
<testsuite ignored="0" hostname="LAPTOP-7D4JOF4H" failures="0" tests="5" name="Regression Test" time="69.969" errors="0" timestamp="2024-04-28T12:04:30 IST">
  <testcase classname="test.LoginPageTest" name="verifyLoginPageTitle" time="0.463"/>
  <testcase classname="test.LoginPageTest" name="verifyUserLoginWithValidCredentials" time="3.618"/>
  <testcase classname="test.LoginPageTest" name="verifyErrorMessageWhileLoginWithInvalidCredentials" time="0.799"/>
  <testcase classname="test.LoginPageTest" name="verifyErrorMessageWhileLoginWithInvalidCredentials" time="0.814"/>
  <testcase classname="test.LoginPageTest" name="verifyErrorMessageWhileLoginWithInvalidCredentials" time="0.772"/>
</testsuite> <!-- Regression Test -->
