<?xml version="1.0" encoding="UTF-8"?>
<!-- Generated by org.testng.reporters.JUnitXMLReporter -->
<testsuite ignored="0" hostname="LAPTOP-7D4JOF4H" failures="0" tests="3" name="Smoke Test" time="42.911" errors="0" timestamp="2024-04-28T11:50:42 IST">
  <testcase classname="test.UserManagementPageTest" name="verifyUsersManagementOption" time="2.769"/>
  <testcase classname="test.UserManagementPageTest" name="verifyRolesManagementOption" time="2.761"/>
  <testcase classname="test.UserManagementPageTest" name="verifySalesManagementOption" time="2.678"/>
</testsuite> <!-- Smoke Test -->
