<?xml version="1.0" encoding="UTF-8"?>
<!-- Generated by org.testng.reporters.JUnitXMLReporter -->
<testsuite ignored="0" hostname="LAPTOP-7D4JOF4H" failures="2" tests="9" name="Test" time="108.865" errors="0" timestamp="2024-04-28T11:12:48 IST">
  <testcase classname="test.AddUserPageTest" name="verifyAddUserPageTitle" time="6.903"/>
  <testcase classname="test.AddUserPageTest" name="verifyAddUser" time="2.778">
    <skipped/>
  </testcase> <!-- verifyAddUser -->
  <testcase classname="test.AddUserPageTest" name="verifyAddUser" time="2.785">
    <skipped/>
  </testcase> <!-- verifyAddUser -->
  <testcase classname="test.AddUserPageTest" name="verifyAddUser" time="2.601">
    <skipped/>
  </testcase> <!-- verifyAddUser -->
  <testcase classname="test.AddUserPageTest" name="verifyAddUser" time="3.201">
    <failure type="org.openqa.selenium.ElementNotInteractableException" message="element not interactable
  (Session info: chrome=124.0.6367.91)
Build info: version: &amp;apos;4.18.1&amp;apos;, revision: &amp;apos;b1d3319b48&amp;apos;
System info: os.name: &amp;apos;Windows 11&amp;apos;, os.arch: &amp;apos;amd64&amp;apos;, os.version: &amp;apos;10.0&amp;apos;, java.version: &amp;apos;17.0.8&amp;apos;
Driver info: org.openqa.selenium.chrome.ChromeDriver
Command: [f60ae3bfdef92133d60c779011478471, clickElement {id=f.4E597C9DFFCFCE72D5433A88517E81DE.d.0A57E56D4F488CB70F2EEF6CF5D736D1.e.56}]
Capabilities {acceptInsecureCerts: false, browserName: chrome, browserVersion: 124.0.6367.91, chrome: {chromedriverVersion: 124.0.6367.91 (51df0e5e17a8..., userDataDir: C:\Users\91756\AppData\Loca...}, fedcm:accounts: true, goog:chromeOptions: {debuggerAddress: localhost:52048}, networkConnectionEnabled: false, pageLoadStrategy: normal, platformName: windows, proxy: Proxy(), se:cdp: ws://localhost:52048/devtoo..., se:cdpVersion: 124.0.6367.91, setWindowRect: true, strictFileInteractability: false, timeouts: {implicit: 0, pageLoad: 300000, script: 30000}, unhandledPromptBehavior: dismiss and notify, webauthn:extension:credBlob: true, webauthn:extension:largeBlob: true, webauthn:extension:minPinLength: true, webauthn:extension:prf: true, webauthn:virtualAuthenticators: true}
Element: [[ChromeDriver: chrome on windows (f60ae3bfdef92133d60c779011478471)] -&amp;gt; xpath: //span[@class=&amp;apos;title&amp;apos; and contains(text(),&amp;apos;Users&amp;apos;)]]
Session ID: f60ae3bfdef92133d60c779011478471">
      <![CDATA[org.openqa.selenium.ElementNotInteractableException: element not interactable
  (Session info: chrome=124.0.6367.91)
Build info: version: '4.18.1', revision: 'b1d3319b48'
System info: os.name: 'Windows 11', os.arch: 'amd64', os.version: '10.0', java.version: '17.0.8'
Driver info: org.openqa.selenium.chrome.ChromeDriver
Command: [f60ae3bfdef92133d60c779011478471, clickElement {id=f.4E597C9DFFCFCE72D5433A88517E81DE.d.0A57E56D4F488CB70F2EEF6CF5D736D1.e.56}]
Capabilities {acceptInsecureCerts: false, browserName: chrome, browserVersion: 124.0.6367.91, chrome: {chromedriverVersion: 124.0.6367.91 (51df0e5e17a8..., userDataDir: C:\Users\91756\AppData\Loca...}, fedcm:accounts: true, goog:chromeOptions: {debuggerAddress: localhost:52048}, networkConnectionEnabled: false, pageLoadStrategy: normal, platformName: windows, proxy: Proxy(), se:cdp: ws://localhost:52048/devtoo..., se:cdpVersion: 124.0.6367.91, setWindowRect: true, strictFileInteractability: false, timeouts: {implicit: 0, pageLoad: 300000, script: 30000}, unhandledPromptBehavior: dismiss and notify, webauthn:extension:credBlob: true, webauthn:extension:largeBlob: true, webauthn:extension:minPinLength: true, webauthn:extension:prf: true, webauthn:virtualAuthenticators: true}
Element: [[ChromeDriver: chrome on windows (f60ae3bfdef92133d60c779011478471)] -> xpath: //span[@class='title' and contains(text(),'Users')]]
Session ID: f60ae3bfdef92133d60c779011478471
at org.openqa.selenium.remote.ErrorCodec.decode(ErrorCodec.java:167)
at org.openqa.selenium.remote.codec.w3c.W3CHttpResponseCodec.decode(W3CHttpResponseCodec.java:138)
at org.openqa.selenium.remote.codec.w3c.W3CHttpResponseCodec.decode(W3CHttpResponseCodec.java:50)
at org.openqa.selenium.remote.HttpCommandExecutor.execute(HttpCommandExecutor.java:190)
at org.openqa.selenium.remote.service.DriverCommandExecutor.invokeExecute(DriverCommandExecutor.java:216)
at org.openqa.selenium.remote.service.DriverCommandExecutor.execute(DriverCommandExecutor.java:174)
at org.openqa.selenium.remote.RemoteWebDriver.execute(RemoteWebDriver.java:519)
at org.openqa.selenium.remote.RemoteWebElement.execute(RemoteWebElement.java:223)
at org.openqa.selenium.remote.RemoteWebElement.click(RemoteWebElement.java:76)
at org.openqa.selenium.support.pagefactory.internal.LocatingElementHandler.invoke(LocatingElementHandler.java:51)
at jdk.proxy2/jdk.proxy2.$Proxy14.click(Unknown Source)
at org.qalegend.utilities.WebElementUtilities.clickOnElement(WebElementUtilities.java:11)
at pages.UserManagementPage.clickOnUserButton(UserManagementPage.java:25)
at test.AddUserPageTest.verifyAddUser(AddUserPageTest.java:59)
at java.base/java.util.ArrayList.forEach(ArrayList.java:1511)
... Removed 35 stack frames]]>
    </failure>
  </testcase> <!-- verifyAddUser -->
  <testcase classname="test.AddUserPageTest" name="verifyUserLoginWithNewlyAddedUsers" time="2.691">
    <skipped/>
  </testcase> <!-- verifyUserLoginWithNewlyAddedUsers -->
  <testcase classname="test.AddUserPageTest" name="verifyUserLoginWithNewlyAddedUsers" time="2.972">
    <skipped/>
  </testcase> <!-- verifyUserLoginWithNewlyAddedUsers -->
  <testcase classname="test.AddUserPageTest" name="verifyUserLoginWithNewlyAddedUsers" time="2.877">
    <skipped/>
  </testcase> <!-- verifyUserLoginWithNewlyAddedUsers -->
  <testcase classname="test.AddUserPageTest" name="verifyUserLoginWithNewlyAddedUsers" time="3.108">
    <failure type="org.openqa.selenium.ElementNotInteractableException" message="element not interactable
  (Session info: chrome=124.0.6367.91)
Build info: version: &amp;apos;4.18.1&amp;apos;, revision: &amp;apos;b1d3319b48&amp;apos;
System info: os.name: &amp;apos;Windows 11&amp;apos;, os.arch: &amp;apos;amd64&amp;apos;, os.version: &amp;apos;10.0&amp;apos;, java.version: &amp;apos;17.0.8&amp;apos;
Driver info: org.openqa.selenium.chrome.ChromeDriver
Command: [0778ad2944df0f359b31d3ae2f5c9510, clickElement {id=f.669A5018DBB6C2D82D426D011D5D20F1.d.E877EA7CAA0E4F9107A88435262B327A.e.56}]
Capabilities {acceptInsecureCerts: false, browserName: chrome, browserVersion: 124.0.6367.91, chrome: {chromedriverVersion: 124.0.6367.91 (51df0e5e17a8..., userDataDir: C:\Users\91756\AppData\Loca...}, fedcm:accounts: true, goog:chromeOptions: {debuggerAddress: localhost:52119}, networkConnectionEnabled: false, pageLoadStrategy: normal, platformName: windows, proxy: Proxy(), se:cdp: ws://localhost:52119/devtoo..., se:cdpVersion: 124.0.6367.91, setWindowRect: true, strictFileInteractability: false, timeouts: {implicit: 0, pageLoad: 300000, script: 30000}, unhandledPromptBehavior: dismiss and notify, webauthn:extension:credBlob: true, webauthn:extension:largeBlob: true, webauthn:extension:minPinLength: true, webauthn:extension:prf: true, webauthn:virtualAuthenticators: true}
Element: [[ChromeDriver: chrome on windows (0778ad2944df0f359b31d3ae2f5c9510)] -&amp;gt; xpath: //span[@class=&amp;apos;title&amp;apos; and contains(text(),&amp;apos;Users&amp;apos;)]]
Session ID: 0778ad2944df0f359b31d3ae2f5c9510">
      <![CDATA[org.openqa.selenium.ElementNotInteractableException: element not interactable
  (Session info: chrome=124.0.6367.91)
Build info: version: '4.18.1', revision: 'b1d3319b48'
System info: os.name: 'Windows 11', os.arch: 'amd64', os.version: '10.0', java.version: '17.0.8'
Driver info: org.openqa.selenium.chrome.ChromeDriver
Command: [0778ad2944df0f359b31d3ae2f5c9510, clickElement {id=f.669A5018DBB6C2D82D426D011D5D20F1.d.E877EA7CAA0E4F9107A88435262B327A.e.56}]
Capabilities {acceptInsecureCerts: false, browserName: chrome, browserVersion: 124.0.6367.91, chrome: {chromedriverVersion: 124.0.6367.91 (51df0e5e17a8..., userDataDir: C:\Users\91756\AppData\Loca...}, fedcm:accounts: true, goog:chromeOptions: {debuggerAddress: localhost:52119}, networkConnectionEnabled: false, pageLoadStrategy: normal, platformName: windows, proxy: Proxy(), se:cdp: ws://localhost:52119/devtoo..., se:cdpVersion: 124.0.6367.91, setWindowRect: true, strictFileInteractability: false, timeouts: {implicit: 0, pageLoad: 300000, script: 30000}, unhandledPromptBehavior: dismiss and notify, webauthn:extension:credBlob: true, webauthn:extension:largeBlob: true, webauthn:extension:minPinLength: true, webauthn:extension:prf: true, webauthn:virtualAuthenticators: true}
Element: [[ChromeDriver: chrome on windows (0778ad2944df0f359b31d3ae2f5c9510)] -> xpath: //span[@class='title' and contains(text(),'Users')]]
Session ID: 0778ad2944df0f359b31d3ae2f5c9510
at org.openqa.selenium.remote.ErrorCodec.decode(ErrorCodec.java:167)
at org.openqa.selenium.remote.codec.w3c.W3CHttpResponseCodec.decode(W3CHttpResponseCodec.java:138)
at org.openqa.selenium.remote.codec.w3c.W3CHttpResponseCodec.decode(W3CHttpResponseCodec.java:50)
at org.openqa.selenium.remote.HttpCommandExecutor.execute(HttpCommandExecutor.java:190)
at org.openqa.selenium.remote.service.DriverCommandExecutor.invokeExecute(DriverCommandExecutor.java:216)
at org.openqa.selenium.remote.service.DriverCommandExecutor.execute(DriverCommandExecutor.java:174)
at org.openqa.selenium.remote.RemoteWebDriver.execute(RemoteWebDriver.java:519)
at org.openqa.selenium.remote.RemoteWebElement.execute(RemoteWebElement.java:223)
at org.openqa.selenium.remote.RemoteWebElement.click(RemoteWebElement.java:76)
at org.openqa.selenium.support.pagefactory.internal.LocatingElementHandler.invoke(LocatingElementHandler.java:51)
at jdk.proxy2/jdk.proxy2.$Proxy14.click(Unknown Source)
at org.qalegend.utilities.WebElementUtilities.clickOnElement(WebElementUtilities.java:11)
at pages.UserManagementPage.clickOnUserButton(UserManagementPage.java:25)
at test.AddUserPageTest.verifyUserLoginWithNewlyAddedUsers(AddUserPageTest.java:103)
at java.base/java.util.ArrayList.forEach(ArrayList.java:1511)
... Removed 35 stack frames]]>
    </failure>
  </testcase> <!-- verifyUserLoginWithNewlyAddedUsers -->
</testsuite> <!-- Test -->
