<?xml version="1.0" encoding="UTF-8"?>
<!-- Generated by org.testng.reporters.JUnitXMLReporter -->
<testsuite ignored="1" hostname="LAPTOP-7D4JOF4H" failures="0" tests="15" name="Test" time="233.979" errors="0" timestamp="2024-05-03T06:49:26 IST">
  <testcase classname="test.LoginPageTest" name="verifyLoginPageTitle" time="4.225"/>
  <testcase classname="test.LoginPageTest" name="verifyUserLoginWithValidCredentials" time="3.612"/>
  <testcase classname="test.LoginPageTest" name="verifyErrorMessageWhileLoginWithInvalidCredentials" time="0.744"/>
  <testcase classname="test.LoginPageTest" name="verifyErrorMessageWhileLoginWithInvalidCredentials" time="0.733"/>
  <testcase classname="test.LoginPageTest" name="verifyErrorMessageWhileLoginWithInvalidCredentials" time="0.817"/>
  <testcase classname="test.ResetPageTest" name="verifyResetPageTitle" time="0.625"/>
  <testcase classname="test.HomePageTest" name="verifyHomePageTitle" time="3.494"/>
  <testcase classname="test.HomePageTest" name="verifyUserLoginDate" time="5.15"/>
  <testcase classname="test.UserManagementPageTest" name="verifyUsersManagementOption" time="2.424"/>
  <testcase classname="test.UserManagementPageTest" name="verifyRolesManagementOption" time="2.348"/>
  <testcase classname="test.UserManagementPageTest" name="verifySalesManagementOption" time="3.559"/>
  <testcase classname="test.UsersPageTest" name="verifyUsersManagePageTitle" time="4.501"/>
  <testcase classname="test.AddUserPageTest" name="verifyAddUserPageTitle" time="5.707"/>
  <testcase classname="test.AddUserPageTest" name="verifyAddUser" time="8.205"/>
  <testcase classname="test.AddUserPageTest" name="verifyUserLoginWithNewlyAddedUsers" time="24.638"/>
  <testcase classname="test.ResetPageTest" name="verifyErrorMessageWithInvalidEmailId" time="0.0">
    <ignored/>
  </testcase> <!-- verifyErrorMessageWithInvalidEmailId -->
</testsuite> <!-- Test -->
